0 info it worked if it ends with ok
1 verbose cli [ '/usr/local/bin/node',
1 verbose cli   '/usr/local/bin/npm',
1 verbose cli   'install',
1 verbose cli   '-g',
1 verbose cli   'prettyjson' ]
2 info using npm@2.14.12
3 info using node@v4.2.6
4 verbose install initial load of /usr/local/lib/package.json
5 verbose readDependencies loading dependencies from /usr/local/lib/package.json
6 silly cache add args [ 'prettyjson', null ]
7 verbose cache add spec prettyjson
8 silly cache add parsed spec Result {
8 silly cache add   raw: 'prettyjson',
8 silly cache add   scope: null,
8 silly cache add   name: 'prettyjson',
8 silly cache add   rawSpec: '',
8 silly cache add   spec: 'latest',
8 silly cache add   type: 'tag' }
9 silly addNamed prettyjson@latest
10 verbose addNamed "latest" is being treated as a dist-tag for prettyjson
11 info addNameTag [ 'prettyjson', 'latest' ]
12 silly mapToRegistry name prettyjson
13 silly mapToRegistry using default registry
14 silly mapToRegistry registry https://registry.npmjs.org/
15 silly mapToRegistry uri https://registry.npmjs.org/prettyjson
16 verbose addNameTag registry:https://registry.npmjs.org/prettyjson not in flight; fetching
17 verbose request uri https://registry.npmjs.org/prettyjson
18 verbose request no auth needed
19 info attempt registry request try #1 at 1:44:39 PM
20 verbose request id faef6d7361b8bc03
21 http request GET https://registry.npmjs.org/prettyjson
22 http 200 https://registry.npmjs.org/prettyjson
23 verbose headers { server: 'CouchDB/1.6.1 (Erlang OTP/R16B03)',
23 verbose headers   etag: '"DL9D5ENDRELAQ3SHXJ3Z8K25M"',
23 verbose headers   'content-type': 'application/json',
23 verbose headers   'content-encoding': 'gzip',
23 verbose headers   'cache-control': 'max-age=300',
23 verbose headers   'content-length': '6252',
23 verbose headers   'accept-ranges': 'bytes',
23 verbose headers   date: 'Thu, 04 Aug 2016 03:44:40 GMT',
23 verbose headers   via: '1.1 varnish',
23 verbose headers   age: '0',
23 verbose headers   connection: 'keep-alive',
23 verbose headers   'x-served-by': 'cache-syd1626-SYD',
23 verbose headers   'x-cache': 'HIT',
23 verbose headers   'x-cache-hits': '1',
23 verbose headers   'x-timer': 'S1470282279.871439,VS0,VE210',
23 verbose headers   vary: 'Accept-Encoding' }
24 silly get cb [ 200,
24 silly get   { server: 'CouchDB/1.6.1 (Erlang OTP/R16B03)',
24 silly get     etag: '"DL9D5ENDRELAQ3SHXJ3Z8K25M"',
24 silly get     'content-type': 'application/json',
24 silly get     'content-encoding': 'gzip',
24 silly get     'cache-control': 'max-age=300',
24 silly get     'content-length': '6252',
24 silly get     'accept-ranges': 'bytes',
24 silly get     date: 'Thu, 04 Aug 2016 03:44:40 GMT',
24 silly get     via: '1.1 varnish',
24 silly get     age: '0',
24 silly get     connection: 'keep-alive',
24 silly get     'x-served-by': 'cache-syd1626-SYD',
24 silly get     'x-cache': 'HIT',
24 silly get     'x-cache-hits': '1',
24 silly get     'x-timer': 'S1470282279.871439,VS0,VE210',
24 silly get     vary: 'Accept-Encoding' } ]
25 verbose get saving prettyjson to /Users/grantorchard/.npm/registry.npmjs.org/prettyjson/.cache.json
26 silly addNameTag next cb for prettyjson with tag latest
27 silly addNamed prettyjson@1.1.3
28 verbose addNamed "1.1.3" is a plain semver version for prettyjson
29 silly mapToRegistry name prettyjson
30 silly mapToRegistry using default registry
31 silly mapToRegistry registry https://registry.npmjs.org/
32 silly mapToRegistry uri https://registry.npmjs.org/prettyjson
33 verbose addRemoteTarball https://registry.npmjs.org/prettyjson/-/prettyjson-1.1.3.tgz not in flight; adding
34 verbose addRemoteTarball [ 'https://registry.npmjs.org/prettyjson/-/prettyjson-1.1.3.tgz',
34 verbose addRemoteTarball   'd0787f732c9c3a566f4165fa4f1176fd67e6b263' ]
35 info retry fetch attempt 1 at 1:44:40 PM
36 info attempt registry request try #1 at 1:44:40 PM
37 http fetch GET https://registry.npmjs.org/prettyjson/-/prettyjson-1.1.3.tgz
38 http fetch 200 https://registry.npmjs.org/prettyjson/-/prettyjson-1.1.3.tgz
39 silly fetchAndShaCheck shasum d0787f732c9c3a566f4165fa4f1176fd67e6b263
40 verbose addTmpTarball /var/folders/kp/w35nzkc12h7fh36tfjnlvkph0000gn/T/npm-33218-b1c63857/registry.npmjs.org/prettyjson/-/prettyjson-1.1.3.tgz not in flight; adding
41 verbose addTmpTarball already have metadata; skipping unpack for prettyjson@1.1.3
42 silly cache afterAdd prettyjson@1.1.3
43 verbose afterAdd /Users/grantorchard/.npm/prettyjson/1.1.3/package/package.json not in flight; writing
44 verbose afterAdd /Users/grantorchard/.npm/prettyjson/1.1.3/package/package.json written
45 silly install resolved [ { author:
45 silly install resolved      { name: 'Rafael de Oleza',
45 silly install resolved        email: 'rafeca@gmail.com',
45 silly install resolved        url: 'https://github.com/rafeca' },
45 silly install resolved     name: 'prettyjson',
45 silly install resolved     description: 'Package for formatting JSON data in a coloured YAML-style, perfect for CLI output',
45 silly install resolved     version: '1.1.3',
45 silly install resolved     homepage: 'http://rafeca.com/prettyjson',
45 silly install resolved     keywords: [ 'json', 'cli', 'formatting', 'colors' ],
45 silly install resolved     repository:
45 silly install resolved      { type: 'git',
45 silly install resolved        url: 'git+https://github.com/rafeca/prettyjson.git' },
45 silly install resolved     bugs: { url: 'https://github.com/rafeca/prettyjson/issues' },
45 silly install resolved     main: './lib/prettyjson',
45 silly install resolved     license: 'MIT',
45 silly install resolved     scripts:
45 silly install resolved      { test: 'npm run jshint && mocha --reporter spec',
45 silly install resolved        testwin: 'node ./node_modules/mocha/bin/mocha --reporter spec',
45 silly install resolved        jshint: 'jshint lib/*.js',
45 silly install resolved        coverage: 'istanbul cover _mocha --report lcovonly -- -R spec',
45 silly install resolved        coveralls: 'npm run coverage && cat ./coverage/lcov.info | coveralls && rm -rf ./coverage',
45 silly install resolved        changelog: 'git log $(git describe --tags --abbrev=0)..HEAD --pretty=\'* %s\' --first-parent' },
45 silly install resolved     bin: { prettyjson: './bin/prettyjson' },
45 silly install resolved     dependencies: { colors: '^1.1.2', minimist: '^1.1.3' },
45 silly install resolved     devDependencies:
45 silly install resolved      { coveralls: '^2.11.3',
45 silly install resolved        istanbul: '^0.3.17',
45 silly install resolved        jshint: '^2.4.4',
45 silly install resolved        mocha: '^2.2.5',
45 silly install resolved        'mocha-lcov-reporter': '0.0.2',
45 silly install resolved        should: '^7.0.2' },
45 silly install resolved     gitHead: '99dac22baba027875536f543f8dbe5b4f9d9f986',
45 silly install resolved     _id: 'prettyjson@1.1.3',
45 silly install resolved     _shasum: 'd0787f732c9c3a566f4165fa4f1176fd67e6b263',
45 silly install resolved     _from: 'prettyjson@latest',
45 silly install resolved     _npmVersion: '2.11.3',
45 silly install resolved     _nodeVersion: '0.12.7',
45 silly install resolved     _npmUser: { name: 'rafeca', email: 'rafeca@gmail.com' },
45 silly install resolved     dist:
45 silly install resolved      { shasum: 'd0787f732c9c3a566f4165fa4f1176fd67e6b263',
45 silly install resolved        tarball: 'https://registry.npmjs.org/prettyjson/-/prettyjson-1.1.3.tgz' },
45 silly install resolved     maintainers: [ [Object] ],
45 silly install resolved     directories: {},
45 silly install resolved     _resolved: 'https://registry.npmjs.org/prettyjson/-/prettyjson-1.1.3.tgz' } ]
46 info install prettyjson@1.1.3 into /usr/local/lib
47 info installOne prettyjson@1.1.3
48 verbose installOne of prettyjson to /usr/local/lib not in flight; installing
49 verbose lock using /Users/grantorchard/.npm/_locks/prettyjson-d26a987dc901739f.lock for /usr/local/lib/node_modules/prettyjson
50 silly install write writing prettyjson 1.1.3 to /usr/local/lib/node_modules/prettyjson
51 verbose unbuild lib/node_modules/prettyjson
52 silly gentlyRm /usr/local/lib/node_modules/prettyjson is being purged from base /usr/local
53 verbose gentlyRm don't care about contents; nuking /usr/local/lib/node_modules/prettyjson
54 verbose tar unpack /Users/grantorchard/.npm/prettyjson/1.1.3/package.tgz
55 verbose tar unpacking to /usr/local/lib/node_modules/prettyjson
56 silly gentlyRm /usr/local/lib/node_modules/prettyjson is being purged
57 verbose gentlyRm don't care about contents; nuking /usr/local/lib/node_modules/prettyjson
58 silly gunzTarPerm modes [ '755', '644' ]
59 error tar.unpack untar error /Users/grantorchard/.npm/prettyjson/1.1.3/package.tgz
60 verbose unlock done using /Users/grantorchard/.npm/_locks/prettyjson-d26a987dc901739f.lock for /usr/local/lib/node_modules/prettyjson
61 verbose fstream_path /usr/local/lib/node_modules/prettyjson
62 verbose fstream_type Directory
63 verbose fstream_class DirWriter
64 verbose stack Error: EACCES: permission denied, mkdir '/usr/local/lib/node_modules/prettyjson'
64 verbose stack     at Error (native)
65 verbose fstream_stack /usr/local/lib/node_modules/npm/node_modules/fstream/lib/dir-writer.js:35:25
65 verbose fstream_stack /usr/local/lib/node_modules/npm/node_modules/mkdirp/index.js:47:53
65 verbose fstream_stack FSReqWrap.oncomplete (fs.js:82:15)
66 verbose cwd /Users/grantorchard/Documents/Git/VMworld2016
67 error Darwin 15.5.0
68 error argv "/usr/local/bin/node" "/usr/local/bin/npm" "install" "-g" "prettyjson"
69 error node v4.2.6
70 error npm  v2.14.12
71 error path /usr/local/lib/node_modules/prettyjson
72 error code EACCES
73 error errno -13
74 error syscall mkdir
75 error Error: EACCES: permission denied, mkdir '/usr/local/lib/node_modules/prettyjson'
75 error     at Error (native)
75 error  { [Error: EACCES: permission denied, mkdir '/usr/local/lib/node_modules/prettyjson']
75 error   errno: -13,
75 error   code: 'EACCES',
75 error   syscall: 'mkdir',
75 error   path: '/usr/local/lib/node_modules/prettyjson',
75 error   fstream_type: 'Directory',
75 error   fstream_path: '/usr/local/lib/node_modules/prettyjson',
75 error   fstream_class: 'DirWriter',
75 error   fstream_stack:
75 error    [ '/usr/local/lib/node_modules/npm/node_modules/fstream/lib/dir-writer.js:35:25',
75 error      '/usr/local/lib/node_modules/npm/node_modules/mkdirp/index.js:47:53',
75 error      'FSReqWrap.oncomplete (fs.js:82:15)' ] }
76 error Please try running this command again as root/Administrator.
77 verbose exit [ -13, true ]
78 verbose unbuild lib/node_modules/prettyjson
79 silly gentlyRm /usr/local/lib/node_modules/prettyjson is being purged from base /usr/local
80 verbose gentlyRm don't care about contents; nuking /usr/local/lib/node_modules/prettyjson
